::1 - - [15/Sep/2019:23:29:35 +0800] "GET / HTTP/1.1" 200 4903
::1 - - [15/Sep/2019:23:29:35 +0800] "GET /css/style.css HTTP/1.1" 304 -
::1 - - [15/Sep/2019:23:29:35 +0800] "GET /img/slider-1.jpg HTTP/1.1" 304 -
::1 - - [15/Sep/2019:23:29:35 +0800] "GET /img/slider-2.jpg HTTP/1.1" 304 -
::1 - - [15/Sep/2019:23:29:36 +0800] "GET /js/custom.js HTTP/1.1" 304 -
::1 - - [15/Sep/2019:23:29:36 +0800] "GET /img/slider-3.jpg HTTP/1.1" 304 -
::1 - - [15/Sep/2019:23:29:36 +0800] "GET /img/download-1.jfif HTTP/1.1" 304 -
::1 - - [15/Sep/2019:23:29:36 +0800] "GET /img/download-2.jfif HTTP/1.1" 304 -
::1 - - [15/Sep/2019:23:29:36 +0800] "GET /img/download-3.jfif HTTP/1.1" 304 -
::1 - - [15/Sep/2019:23:33:50 +0800] "GET / HTTP/1.1" 200 4903
::1 - - [15/Sep/2019:23:33:50 +0800] "GET /img/favicon.ico HTTP/1.1" 200 1150
::1 - - [15/Sep/2019:23:33:54 +0800] "GET / HTTP/1.1" 200 4903
::1 - - [15/Sep/2019:23:33:54 +0800] "GET /img/favicon.ico HTTP/1.1" 200 1150
::1 - - [15/Sep/2019:23:33:54 +0800] "GET / HTTP/1.1" 200 4903
::1 - - [15/Sep/2019:23:33:54 +0800] "GET /img/favicon.ico HTTP/1.1" 200 1150
::1 - - [15/Sep/2019:23:33:54 +0800] "GET / HTTP/1.1" 200 4903
::1 - - [15/Sep/2019:23:33:54 +0800] "GET /img/favicon.ico HTTP/1.1" 200 1150
::1 - - [15/Sep/2019:23:34:05 +0800] "GET / HTTP/1.1" 200 4903
::1 - - [15/Sep/2019:23:34:05 +0800] "GET /img/favicon.ico HTTP/1.1" 200 1150
::1 - - [15/Sep/2019:23:34:12 +0800] "GET / HTTP/1.1" 200 4903
::1 - - [15/Sep/2019:23:34:12 +0800] "GET /css/font-awesone/css/fontawesome-all.min.css HTTP/1.1" 200 36599
::1 - - [15/Sep/2019:23:34:12 +0800] "GET /css/owlcarousel/owl.carousel.min.css HTTP/1.1" 200 3351
::1 - - [15/Sep/2019:23:34:12 +0800] "GET /css/owlcarousel/owl.theme.default.min.css HTTP/1.1" 200 1224
::1 - - [15/Sep/2019:23:34:12 +0800] "GET /css/style.css HTTP/1.1" 200 2277
::1 - - [15/Sep/2019:23:34:12 +0800] "GET /js/jquery.js HTTP/1.1" 200 86927
::1 - - [15/Sep/2019:23:34:12 +0800] "GET /js/owlcarousel/owl.carousel.min.js HTTP/1.1" 200 44342
::1 - - [15/Sep/2019:23:34:12 +0800] "GET /js/custom.js HTTP/1.1" 200 308
::1 - - [15/Sep/2019:23:34:12 +0800] "GET /img/download-1.jfif HTTP/1.1" 200 6717
::1 - - [15/Sep/2019:23:34:12 +0800] "GET /img/download-2.jfif HTTP/1.1" 200 15576
::1 - - [15/Sep/2019:23:34:12 +0800] "GET /img/download-3.jfif HTTP/1.1" 200 6920
::1 - - [15/Sep/2019:23:34:12 +0800] "GET /img/slider-1.jpg HTTP/1.1" 200 1713104
::1 - - [15/Sep/2019:23:34:12 +0800] "GET /img/slider-2.jpg HTTP/1.1" 200 3811108
::1 - - [15/Sep/2019:23:34:12 +0800] "GET /img/slider-3.jpg HTTP/1.1" 200 2518934
::1 - - [15/Sep/2019:23:34:13 +0800] "GET /img/favicon.ico HTTP/1.1" 200 1150
::1 - - [15/Sep/2019:23:34:50 +0800] "GET / HTTP/1.1" 200 4903
::1 - - [15/Sep/2019:23:34:50 +0800] "GET /css/style.css HTTP/1.1" 200 2256
::1 - - [15/Sep/2019:23:34:50 +0800] "GET /img/favicon.ico HTTP/1.1" 200 1150
::1 - - [15/Sep/2019:23:35:08 +0800] "GET / HTTP/1.1" 200 4903
::1 - - [15/Sep/2019:23:35:08 +0800] "GET /css/style.css HTTP/1.1" 304 -
::1 - - [15/Sep/2019:23:35:08 +0800] "GET /img/favicon.ico HTTP/1.1" 200 1150
::1 - - [15/Sep/2019:23:35:11 +0800] "GET / HTTP/1.1" 200 4903
::1 - - [15/Sep/2019:23:35:11 +0800] "GET /css/style.css HTTP/1.1" 304 -
::1 - - [15/Sep/2019:23:35:11 +0800] "GET /img/favicon.ico HTTP/1.1" 200 1150
::1 - - [15/Sep/2019:23:35:11 +0800] "GET / HTTP/1.1" 200 4903
::1 - - [15/Sep/2019:23:35:12 +0800] "GET /img/favicon.ico HTTP/1.1" 200 1150
::1 - - [15/Sep/2019:23:35:12 +0800] "GET / HTTP/1.1" 200 4903
::1 - - [15/Sep/2019:23:35:12 +0800] "GET /img/favicon.ico HTTP/1.1" 200 1150
::1 - - [15/Sep/2019:23:35:12 +0800] "GET / HTTP/1.1" 200 4903
::1 - - [15/Sep/2019:23:35:12 +0800] "GET /img/favicon.ico HTTP/1.1" 200 1150
::1 - - [15/Sep/2019:23:35:19 +0800] "GET / HTTP/1.1" 200 4903
::1 - - [15/Sep/2019:23:35:19 +0800] "GET /css/font-awesone/css/fontawesome-all.min.css HTTP/1.1" 200 36599
::1 - - [15/Sep/2019:23:35:19 +0800] "GET /css/owlcarousel/owl.carousel.min.css HTTP/1.1" 200 3351
::1 - - [15/Sep/2019:23:35:19 +0800] "GET /css/owlcarousel/owl.theme.default.min.css HTTP/1.1" 200 1224
::1 - - [15/Sep/2019:23:35:19 +0800] "GET /css/style.css HTTP/1.1" 200 2256
::1 - - [15/Sep/2019:23:35:19 +0800] "GET /img/slider-2.jpg HTTP/1.1" 200 3811108
::1 - - [15/Sep/2019:23:35:19 +0800] "GET /img/slider-1.jpg HTTP/1.1" 200 1713104
::1 - - [15/Sep/2019:23:35:19 +0800] "GET /js/jquery.js HTTP/1.1" 200 86927
::1 - - [15/Sep/2019:23:35:19 +0800] "GET /js/owlcarousel/owl.carousel.min.js HTTP/1.1" 200 44342
::1 - - [15/Sep/2019:23:35:19 +0800] "GET /js/custom.js HTTP/1.1" 200 308
::1 - - [15/Sep/2019:23:35:19 +0800] "GET /img/slider-3.jpg HTTP/1.1" 200 2518934
::1 - - [15/Sep/2019:23:35:19 +0800] "GET /img/download-1.jfif HTTP/1.1" 200 6717
::1 - - [15/Sep/2019:23:35:19 +0800] "GET /img/download-2.jfif HTTP/1.1" 200 15576
::1 - - [15/Sep/2019:23:35:19 +0800] "GET /img/download-3.jfif HTTP/1.1" 200 6920
::1 - - [15/Sep/2019:23:35:19 +0800] "GET /img/favicon.ico HTTP/1.1" 200 1150
::1 - - [15/Sep/2019:23:43:52 +0800] "GET / HTTP/1.1" 200 4904
::1 - - [15/Sep/2019:23:43:52 +0800] "GET /css/style.css HTTP/1.1" 304 -
::1 - - [15/Sep/2019:23:43:52 +0800] "GET /img/slider-11.jpg HTTP/1.1" 200 17974
::1 - - [15/Sep/2019:23:43:52 +0800] "GET /img/favicon.ico HTTP/1.1" 200 1150
::1 - - [15/Sep/2019:23:49:34 +0800] "GET / HTTP/1.1" 200 4905
::1 - - [15/Sep/2019:23:49:34 +0800] "GET /css/style.css HTTP/1.1" 200 2258
::1 - - [15/Sep/2019:23:49:34 +0800] "GET /img/slider-11.jpg HTTP/1.1" 304 -
::1 - - [15/Sep/2019:23:49:34 +0800] "GET /img/slider-12.jpg HTTP/1.1" 200 179912
::1 - - [15/Sep/2019:23:49:34 +0800] "GET /img/favicon.ico HTTP/1.1" 200 1150
::1 - - [15/Sep/2019:23:51:27 +0800] "GET / HTTP/1.1" 200 4906
::1 - - [15/Sep/2019:23:51:27 +0800] "GET /css/style.css HTTP/1.1" 304 -
::1 - - [15/Sep/2019:23:51:27 +0800] "GET /img/slider-11.jpg HTTP/1.1" 304 -
::1 - - [15/Sep/2019:23:51:27 +0800] "GET /img/slider-12.jpg HTTP/1.1" 304 -
::1 - - [15/Sep/2019:23:51:27 +0800] "GET /img/slider-13.jpg HTTP/1.1" 200 32677
::1 - - [15/Sep/2019:23:51:27 +0800] "GET /img/favicon.ico HTTP/1.1" 200 1150
::1 - - [15/Sep/2019:23:53:18 +0800] "GET / HTTP/1.1" 200 4897
::1 - - [15/Sep/2019:23:53:18 +0800] "GET /css/style.css HTTP/1.1" 304 -
::1 - - [15/Sep/2019:23:53:18 +0800] "GET /img/slider-11.jpg HTTP/1.1" 304 -
::1 - - [15/Sep/2019:23:53:18 +0800] "GET /img/slider-12.jpg HTTP/1.1" 304 -
::1 - - [15/Sep/2019:23:53:18 +0800] "GET /img/slider-13.jpg HTTP/1.1" 304 -
::1 - - [15/Sep/2019:23:53:18 +0800] "GET /img/studio-1.jpg HTTP/1.1" 200 1713104
::1 - - [15/Sep/2019:23:53:18 +0800] "GET /img/studio-3.jpg HTTP/1.1" 200 2518934
::1 - - [15/Sep/2019:23:53:18 +0800] "GET /img/studio-2.jpg HTTP/1.1" 200 3811108
::1 - - [15/Sep/2019:23:53:18 +0800] "GET /img/favicon.ico HTTP/1.1" 200 1150
::1 - - [15/Sep/2019:23:53:52 +0800] "GET / HTTP/1.1" 200 4897
::1 - - [15/Sep/2019:23:53:52 +0800] "GET /img/slider-12.jpg HTTP/1.1" 304 -
::1 - - [15/Sep/2019:23:53:52 +0800] "GET /img/slider-13.jpg HTTP/1.1" 304 -
::1 - - [15/Sep/2019:23:53:53 +0800] "GET /img/favicon.ico HTTP/1.1" 200 1150
::1 - - [15/Sep/2019:23:55:18 +0800] "GET / HTTP/1.1" 200 4898
::1 - - [15/Sep/2019:23:55:18 +0800] "GET /css/style.css HTTP/1.1" 200 2258
::1 - - [15/Sep/2019:23:55:18 +0800] "GET /img/slider-11.jpg HTTP/1.1" 304 -
::1 - - [15/Sep/2019:23:55:18 +0800] "GET /img/slider-12.jpg HTTP/1.1" 304 -
::1 - - [15/Sep/2019:23:55:18 +0800] "GET /img/slider-13.jpg HTTP/1.1" 304 -
::1 - - [15/Sep/2019:23:55:18 +0800] "GET /img/studio-13.jpg HTTP/1.1" 200 30117
::1 - - [15/Sep/2019:23:55:18 +0800] "GET /img/favicon.ico HTTP/1.1" 200 1150
::1 - - [15/Sep/2019:23:56:45 +0800] "GET / HTTP/1.1" 200 4889
::1 - - [15/Sep/2019:23:56:45 +0800] "GET /css/style.css HTTP/1.1" 304 -
::1 - - [15/Sep/2019:23:56:45 +0800] "GET /img/slider-11.jpg HTTP/1.1" 304 -
::1 - - [15/Sep/2019:23:56:45 +0800] "GET /img/slider-12.jpg HTTP/1.1" 304 -
::1 - - [15/Sep/2019:23:56:45 +0800] "GET /img/slider-13.jpg HTTP/1.1" 304 -
::1 - - [15/Sep/2019:23:56:45 +0800] "GET /img/class-1.jpg HTTP/1.1" 200 2518934
::1 - - [15/Sep/2019:23:56:45 +0800] "GET /img/class-2.jpg HTTP/1.1" 200 20781
::1 - - [15/Sep/2019:23:56:45 +0800] "GET /img/favicon.ico HTTP/1.1" 200 1150
::1 - - [15/Sep/2019:23:58:37 +0800] "GET / HTTP/1.1" 200 4885
::1 - - [15/Sep/2019:23:58:37 +0800] "GET /css/style.css HTTP/1.1" 304 -
::1 - - [15/Sep/2019:23:58:37 +0800] "GET /img/slider-11.jpg HTTP/1.1" 304 -
::1 - - [15/Sep/2019:23:58:37 +0800] "GET /img/slider-12.jpg HTTP/1.1" 304 -
::1 - - [15/Sep/2019:23:58:37 +0800] "GET /img/slider-13.jpg HTTP/1.1" 304 -
::1 - - [15/Sep/2019:23:58:37 +0800] "GET /img/class-2.jpg HTTP/1.1" 304 -
::1 - - [15/Sep/2019:23:58:37 +0800] "GET /img/class-3.jpg HTTP/1.1" 200 30913
::1 - - [15/Sep/2019:23:58:37 +0800] "GET /img/favicon.ico HTTP/1.1" 200 1150
::1 - - [16/Sep/2019:00:03:07 +0800] "GET / HTTP/1.1" 200 4885
::1 - - [16/Sep/2019:00:03:07 +0800] "GET /css/style.css HTTP/1.1" 304 -
::1 - - [16/Sep/2019:00:03:07 +0800] "GET /img/slider-11.jpg HTTP/1.1" 304 -
::1 - - [16/Sep/2019:00:03:07 +0800] "GET /img/slider-12.jpg HTTP/1.1" 304 -
::1 - - [16/Sep/2019:00:03:07 +0800] "GET /img/slider-13.jpg HTTP/1.1" 304 -
::1 - - [16/Sep/2019:00:03:07 +0800] "GET /img/class-2.jpg HTTP/1.1" 304 -
::1 - - [16/Sep/2019:00:03:07 +0800] "GET /img/class-3.jpg HTTP/1.1" 304 -
::1 - - [16/Sep/2019:00:03:07 +0800] "GET /img/favicon.ico HTTP/1.1" 200 1150
::1 - - [16/Sep/2019:00:03:07 +0800] "GET / HTTP/1.1" 200 4885
::1 - - [16/Sep/2019:00:03:08 +0800] "GET /img/favicon.ico HTTP/1.1" 200 1150
::1 - - [16/Sep/2019:00:03:08 +0800] "GET / HTTP/1.1" 200 4885
::1 - - [16/Sep/2019:00:03:08 +0800] "GET /img/favicon.ico HTTP/1.1" 200 1150
::1 - - [16/Sep/2019:00:03:08 +0800] "GET / HTTP/1.1" 200 4885
::1 - - [16/Sep/2019:00:03:08 +0800] "GET /img/favicon.ico HTTP/1.1" 200 1150
::1 - - [16/Sep/2019:00:03:15 +0800] "GET / HTTP/1.1" 200 4885
::1 - - [16/Sep/2019:00:03:15 +0800] "GET /css/font-awesone/css/fontawesome-all.min.css HTTP/1.1" 200 36599
::1 - - [16/Sep/2019:00:03:15 +0800] "GET /css/owlcarousel/owl.carousel.min.css HTTP/1.1" 200 3351
::1 - - [16/Sep/2019:00:03:15 +0800] "GET /css/owlcarousel/owl.theme.default.min.css HTTP/1.1" 200 1224
::1 - - [16/Sep/2019:00:03:15 +0800] "GET /css/style.css HTTP/1.1" 200 2258
::1 - - [16/Sep/2019:00:03:15 +0800] "GET /img/slider-11.jpg HTTP/1.1" 200 17974
::1 - - [16/Sep/2019:00:03:15 +0800] "GET /img/slider-12.jpg HTTP/1.1" 200 179912
::1 - - [16/Sep/2019:00:03:15 +0800] "GET /js/jquery.js HTTP/1.1" 200 86927
::1 - - [16/Sep/2019:00:03:15 +0800] "GET /js/custom.js HTTP/1.1" 200 308
::1 - - [16/Sep/2019:00:03:15 +0800] "GET /js/owlcarousel/owl.carousel.min.js HTTP/1.1" 200 44342
::1 - - [16/Sep/2019:00:03:15 +0800] "GET /img/slider-13.jpg HTTP/1.1" 200 32677
::1 - - [16/Sep/2019:00:03:15 +0800] "GET /img/class-2.jpg HTTP/1.1" 200 20781
::1 - - [16/Sep/2019:00:03:15 +0800] "GET /img/class-1.jpg HTTP/1.1" 200 2518934
::1 - - [16/Sep/2019:00:03:15 +0800] "GET /img/class-3.jpg HTTP/1.1" 200 30913
::1 - - [16/Sep/2019:00:03:15 +0800] "GET /img/studio-1.jpg HTTP/1.1" 200 1713104
::1 - - [16/Sep/2019:00:03:15 +0800] "GET /img/studio-3.jpg HTTP/1.1" 200 30117
::1 - - [16/Sep/2019:00:03:15 +0800] "GET /img/studio-2.jpg HTTP/1.1" 200 3811108
::1 - - [16/Sep/2019:00:03:15 +0800] "GET /img/favicon.ico HTTP/1.1" 200 1150
::1 - - [16/Sep/2019:00:04:05 +0800] "GET / HTTP/1.1" 200 4885
::1 - - [16/Sep/2019:00:04:05 +0800] "GET /img/class-2.jpg HTTP/1.1" 304 -
::1 - - [16/Sep/2019:00:04:05 +0800] "GET /img/class-3.jpg HTTP/1.1" 304 -
::1 - - [16/Sep/2019:00:04:05 +0800] "GET /img/favicon.ico HTTP/1.1" 200 1150
::1 - - [16/Sep/2019:00:04:12 +0800] "GET / HTTP/1.1" 200 4885
::1 - - [16/Sep/2019:00:04:12 +0800] "GET /css/font-awesone/css/fontawesome-all.min.css HTTP/1.1" 200 36599
::1 - - [16/Sep/2019:00:04:12 +0800] "GET /css/owlcarousel/owl.carousel.min.css HTTP/1.1" 200 3351
::1 - - [16/Sep/2019:00:04:12 +0800] "GET /css/owlcarousel/owl.theme.default.min.css HTTP/1.1" 200 1224
::1 - - [16/Sep/2019:00:04:12 +0800] "GET /css/style.css HTTP/1.1" 200 2258
::1 - - [16/Sep/2019:00:04:12 +0800] "GET /img/slider-11.jpg HTTP/1.1" 200 17974
::1 - - [16/Sep/2019:00:04:12 +0800] "GET /img/slider-12.jpg HTTP/1.1" 200 179912
::1 - - [16/Sep/2019:00:04:12 +0800] "GET /js/jquery.js HTTP/1.1" 200 86927
::1 - - [16/Sep/2019:00:04:12 +0800] "GET /js/custom.js HTTP/1.1" 200 308
::1 - - [16/Sep/2019:00:04:12 +0800] "GET /js/owlcarousel/owl.carousel.min.js HTTP/1.1" 200 44342
::1 - - [16/Sep/2019:00:04:12 +0800] "GET /img/slider-13.jpg HTTP/1.1" 200 32677
::1 - - [16/Sep/2019:00:04:12 +0800] "GET /img/class-2.jpg HTTP/1.1" 200 20781
::1 - - [16/Sep/2019:00:04:12 +0800] "GET /img/class-1.jpg HTTP/1.1" 200 2518934
::1 - - [16/Sep/2019:00:04:12 +0800] "GET /img/class-3.jpg HTTP/1.1" 200 30913
::1 - - [16/Sep/2019:00:04:12 +0800] "GET /img/studio-3.jpg HTTP/1.1" 200 30117
::1 - - [16/Sep/2019:00:04:12 +0800] "GET /img/studio-1.jpg HTTP/1.1" 200 1713104
::1 - - [16/Sep/2019:00:04:12 +0800] "GET /img/studio-2.jpg HTTP/1.1" 200 3811108
::1 - - [16/Sep/2019:00:04:12 +0800] "GET /img/favicon.ico HTTP/1.1" 200 1150
::1 - - [16/Sep/2019:00:04:34 +0800] "GET / HTTP/1.1" 200 4885
::1 - - [16/Sep/2019:00:04:34 +0800] "GET /css/style.css HTTP/1.1" 304 -
::1 - - [16/Sep/2019:00:04:35 +0800] "GET /img/favicon.ico HTTP/1.1" 200 1150
::1 - - [16/Sep/2019:00:04:35 +0800] "GET / HTTP/1.1" 200 4885
::1 - - [16/Sep/2019:00:04:35 +0800] "GET /img/favicon.ico HTTP/1.1" 200 1150
::1 - - [16/Sep/2019:00:04:35 +0800] "GET / HTTP/1.1" 200 4885
::1 - - [16/Sep/2019:00:04:35 +0800] "GET /img/favicon.ico HTTP/1.1" 200 1150
::1 - - [16/Sep/2019:00:04:36 +0800] "GET / HTTP/1.1" 200 4885
::1 - - [16/Sep/2019:00:04:36 +0800] "GET /img/favicon.ico HTTP/1.1" 200 1150
::1 - - [16/Sep/2019:00:04:42 +0800] "GET / HTTP/1.1" 200 4885
::1 - - [16/Sep/2019:00:04:42 +0800] "GET /css/font-awesone/css/fontawesome-all.min.css HTTP/1.1" 200 36599
::1 - - [16/Sep/2019:00:04:42 +0800] "GET /css/owlcarousel/owl.carousel.min.css HTTP/1.1" 200 3351
::1 - - [16/Sep/2019:00:04:42 +0800] "GET /css/owlcarousel/owl.theme.default.min.css HTTP/1.1" 200 1224
::1 - - [16/Sep/2019:00:04:42 +0800] "GET /css/style.css HTTP/1.1" 200 2258
::1 - - [16/Sep/2019:00:04:42 +0800] "GET /img/slider-11.jpg HTTP/1.1" 200 17974
::1 - - [16/Sep/2019:00:04:42 +0800] "GET /img/slider-12.jpg HTTP/1.1" 200 179912
::1 - - [16/Sep/2019:00:04:42 +0800] "GET /js/jquery.js HTTP/1.1" 200 86927
::1 - - [16/Sep/2019:00:04:42 +0800] "GET /js/owlcarousel/owl.carousel.min.js HTTP/1.1" 200 44342
::1 - - [16/Sep/2019:00:04:42 +0800] "GET /js/custom.js HTTP/1.1" 200 308
::1 - - [16/Sep/2019:00:04:42 +0800] "GET /img/slider-13.jpg HTTP/1.1" 200 32677
::1 - - [16/Sep/2019:00:04:42 +0800] "GET /img/class-2.jpg HTTP/1.1" 200 20781
::1 - - [16/Sep/2019:00:04:42 +0800] "GET /img/class-3.jpg HTTP/1.1" 200 30913
::1 - - [16/Sep/2019:00:04:42 +0800] "GET /img/class-1.jpg HTTP/1.1" 200 2518934
::1 - - [16/Sep/2019:00:04:42 +0800] "GET /img/studio-1.jpg HTTP/1.1" 200 1713104
::1 - - [16/Sep/2019:00:04:42 +0800] "GET /img/studio-2.jpg HTTP/1.1" 200 3811108
::1 - - [16/Sep/2019:00:04:42 +0800] "GET /img/studio-3.jpg HTTP/1.1" 200 30117
::1 - - [16/Sep/2019:00:04:43 +0800] "GET /img/favicon.ico HTTP/1.1" 200 1150
::1 - - [16/Sep/2019:00:04:43 +0800] "GET / HTTP/1.1" 200 4885
::1 - - [16/Sep/2019:00:04:43 +0800] "GET /img/favicon.ico HTTP/1.1" 200 1150
::1 - - [16/Sep/2019:00:04:51 +0800] "GET / HTTP/1.1" 200 4885
::1 - - [16/Sep/2019:00:04:51 +0800] "GET /css/style.css HTTP/1.1" 304 -
::1 - - [16/Sep/2019:00:04:52 +0800] "GET /img/favicon.ico HTTP/1.1" 200 1150
::1 - - [16/Sep/2019:00:04:57 +0800] "GET / HTTP/1.1" 200 4885
::1 - - [16/Sep/2019:00:04:57 +0800] "GET /css/font-awesone/css/fontawesome-all.min.css HTTP/1.1" 200 36599
::1 - - [16/Sep/2019:00:04:57 +0800] "GET /css/owlcarousel/owl.carousel.min.css HTTP/1.1" 200 3351
::1 - - [16/Sep/2019:00:04:57 +0800] "GET /css/owlcarousel/owl.theme.default.min.css HTTP/1.1" 200 1224
::1 - - [16/Sep/2019:00:04:57 +0800] "GET /css/style.css HTTP/1.1" 200 2258
::1 - - [16/Sep/2019:00:04:57 +0800] "GET /img/slider-11.jpg HTTP/1.1" 200 17974
::1 - - [16/Sep/2019:00:04:57 +0800] "GET /img/slider-12.jpg HTTP/1.1" 200 179912
::1 - - [16/Sep/2019:00:04:57 +0800] "GET /js/jquery.js HTTP/1.1" 200 86927
::1 - - [16/Sep/2019:00:04:57 +0800] "GET /js/owlcarousel/owl.carousel.min.js HTTP/1.1" 200 44342
::1 - - [16/Sep/2019:00:04:57 +0800] "GET /js/custom.js HTTP/1.1" 200 308
::1 - - [16/Sep/2019:00:04:57 +0800] "GET /img/slider-13.jpg HTTP/1.1" 200 32677
::1 - - [16/Sep/2019:00:04:57 +0800] "GET /img/class-1.jpg HTTP/1.1" 200 2518934
::1 - - [16/Sep/2019:00:04:57 +0800] "GET /img/class-2.jpg HTTP/1.1" 200 20781
::1 - - [16/Sep/2019:00:04:57 +0800] "GET /img/class-3.jpg HTTP/1.1" 200 30913
::1 - - [16/Sep/2019:00:04:57 +0800] "GET /img/studio-1.jpg HTTP/1.1" 200 1713104
::1 - - [16/Sep/2019:00:04:57 +0800] "GET /img/studio-2.jpg HTTP/1.1" 200 3811108
::1 - - [16/Sep/2019:00:04:57 +0800] "GET /img/studio-3.jpg HTTP/1.1" 200 30117
::1 - - [16/Sep/2019:00:04:57 +0800] "GET /img/favicon.ico HTTP/1.1" 200 1150
::1 - - [16/Sep/2019:00:04:58 +0800] "GET / HTTP/1.1" 200 4885
::1 - - [16/Sep/2019:00:04:58 +0800] "GET /img/favicon.ico HTTP/1.1" 200 1150
::1 - - [16/Sep/2019:00:05:52 +0800] "GET / HTTP/1.1" 200 5549
::1 - - [16/Sep/2019:00:05:52 +0800] "GET /css/style.css HTTP/1.1" 304 -
::1 - - [16/Sep/2019:00:05:52 +0800] "GET /img/class-2.jpg HTTP/1.1" 304 -
::1 - - [16/Sep/2019:00:05:52 +0800] "GET /img/class-3.jpg HTTP/1.1" 304 -
::1 - - [16/Sep/2019:00:05:52 +0800] "GET /img/favicon.ico HTTP/1.1" 200 1150
::1 - - [16/Sep/2019:00:17:16 +0800] "GET / HTTP/1.1" 200 6156
::1 - - [16/Sep/2019:00:17:16 +0800] "GET /css/style.css HTTP/1.1" 304 -
::1 - - [16/Sep/2019:00:17:16 +0800] "GET /img/slider-11.jpg HTTP/1.1" 304 -
::1 - - [16/Sep/2019:00:17:16 +0800] "GET /img/slider-12.jpg HTTP/1.1" 304 -
::1 - - [16/Sep/2019:00:17:16 +0800] "GET /img/slider-13.jpg HTTP/1.1" 304 -
::1 - - [16/Sep/2019:00:17:16 +0800] "GET /img/class-2.jpg HTTP/1.1" 304 -
::1 - - [16/Sep/2019:00:17:16 +0800] "GET /img/class-3.jpg HTTP/1.1" 304 -
::1 - - [16/Sep/2019:00:17:16 +0800] "GET /img/studio-3.jpg HTTP/1.1" 304 -
::1 - - [16/Sep/2019:00:17:16 +0800] "GET /img/favicon.ico HTTP/1.1" 200 1150
::1 - - [16/Sep/2019:00:18:52 +0800] "GET / HTTP/1.1" 200 6146
::1 - - [16/Sep/2019:00:18:52 +0800] "GET /css/style.css HTTP/1.1" 304 -
::1 - - [16/Sep/2019:00:18:52 +0800] "GET /img/favicon.ico HTTP/1.1" 200 1150
::1 - - [16/Sep/2019:00:19:04 +0800] "GET / HTTP/1.1" 200 6146
::1 - - [16/Sep/2019:00:19:04 +0800] "GET /img/favicon.ico HTTP/1.1" 200 1150
::1 - - [16/Sep/2019:00:22:00 +0800] "GET / HTTP/1.1" 200 6289
::1 - - [16/Sep/2019:00:22:00 +0800] "GET /css/style.css HTTP/1.1" 200 2361
::1 - - [16/Sep/2019:00:22:00 +0800] "GET /img/slider-11.jpg HTTP/1.1" 304 -
::1 - - [16/Sep/2019:00:22:00 +0800] "GET /img/slider-12.jpg HTTP/1.1" 304 -
::1 - - [16/Sep/2019:00:22:00 +0800] "GET /img/class-2.jpg HTTP/1.1" 304 -
::1 - - [16/Sep/2019:00:22:00 +0800] "GET /img/slider-13.jpg HTTP/1.1" 304 -
::1 - - [16/Sep/2019:00:22:00 +0800] "GET /img/class-3.jpg HTTP/1.1" 304 -
::1 - - [16/Sep/2019:00:22:00 +0800] "GET /img/studio-3.jpg HTTP/1.1" 304 -
::1 - - [16/Sep/2019:00:22:00 +0800] "GET /img/favicon.ico HTTP/1.1" 200 1150
::1 - - [16/Sep/2019:00:24:56 +0800] "GET / HTTP/1.1" 200 6779
::1 - - [16/Sep/2019:00:24:56 +0800] "GET /css/style.css HTTP/1.1" 200 2397
::1 - - [16/Sep/2019:00:24:56 +0800] "GET /img/class-2.jpg HTTP/1.1" 304 -
::1 - - [16/Sep/2019:00:24:56 +0800] "GET /img/class-3.jpg HTTP/1.1" 304 -
::1 - - [16/Sep/2019:00:24:56 +0800] "GET /img/studio-3.jpg HTTP/1.1" 304 -
::1 - - [16/Sep/2019:00:24:56 +0800] "GET /css/font-awesone/webfonts/fa-brands-400.woff2 HTTP/1.1" 200 55144
::1 - - [16/Sep/2019:00:24:56 +0800] "GET /img/favicon.ico HTTP/1.1" 200 1150
::1 - - [16/Sep/2019:00:25:25 +0800] "GET / HTTP/1.1" 200 6745
::1 - - [16/Sep/2019:00:25:25 +0800] "GET /css/style.css HTTP/1.1" 304 -
::1 - - [16/Sep/2019:00:25:25 +0800] "GET /img/slider-12.jpg HTTP/1.1" 304 -
::1 - - [16/Sep/2019:00:25:25 +0800] "GET /img/slider-13.jpg HTTP/1.1" 304 -
::1 - - [16/Sep/2019:00:25:25 +0800] "GET /img/favicon.ico HTTP/1.1" 200 1150
::1 - - [16/Sep/2019:00:26:26 +0800] "GET / HTTP/1.1" 200 6745
::1 - - [16/Sep/2019:00:26:26 +0800] "GET /css/style.css HTTP/1.1" 200 2405
::1 - - [16/Sep/2019:00:26:26 +0800] "GET /img/slider-11.jpg HTTP/1.1" 304 -
::1 - - [16/Sep/2019:00:26:26 +0800] "GET /img/favicon.ico HTTP/1.1" 200 1150
::1 - - [16/Sep/2019:00:27:13 +0800] "GET / HTTP/1.1" 200 6745
::1 - - [16/Sep/2019:00:27:13 +0800] "GET /css/style.css HTTP/1.1" 200 2437
::1 - - [16/Sep/2019:00:27:13 +0800] "GET /img/favicon.ico HTTP/1.1" 200 1150
::1 - - [16/Sep/2019:00:28:45 +0800] "GET / HTTP/1.1" 200 6745
::1 - - [16/Sep/2019:00:28:45 +0800] "GET /css/style.css HTTP/1.1" 200 2545
::1 - - [16/Sep/2019:00:28:45 +0800] "GET /img/class-2.jpg HTTP/1.1" 304 -
::1 - - [16/Sep/2019:00:28:45 +0800] "GET /img/class-3.jpg HTTP/1.1" 304 -
::1 - - [16/Sep/2019:00:28:45 +0800] "GET /img/studio-3.jpg HTTP/1.1" 304 -
::1 - - [16/Sep/2019:00:28:45 +0800] "GET /img/favicon.ico HTTP/1.1" 200 1150
::1 - - [16/Sep/2019:00:29:01 +0800] "GET / HTTP/1.1" 200 6745
::1 - - [16/Sep/2019:00:29:01 +0800] "GET /css/style.css HTTP/1.1" 200 2527
::1 - - [16/Sep/2019:00:29:01 +0800] "GET /img/slider-13.jpg HTTP/1.1" 304 -
::1 - - [16/Sep/2019:00:29:01 +0800] "GET /img/favicon.ico HTTP/1.1" 200 1150
::1 - - [16/Sep/2019:00:29:23 +0800] "GET / HTTP/1.1" 200 6745
::1 - - [16/Sep/2019:00:29:24 +0800] "GET /css/style.css HTTP/1.1" 200 2540
::1 - - [16/Sep/2019:00:29:24 +0800] "GET /img/slider-12.jpg HTTP/1.1" 304 -
::1 - - [16/Sep/2019:00:29:24 +0800] "GET /img/favicon.ico HTTP/1.1" 200 1150
::1 - - [16/Sep/2019:00:30:48 +0800] "GET / HTTP/1.1" 200 6745
::1 - - [16/Sep/2019:00:30:48 +0800] "GET /css/style.css HTTP/1.1" 200 2672
::1 - - [16/Sep/2019:00:30:48 +0800] "GET /img/slider-11.jpg HTTP/1.1" 304 -
::1 - - [16/Sep/2019:00:30:48 +0800] "GET /img/favicon.ico HTTP/1.1" 200 1150
::1 - - [16/Sep/2019:00:31:08 +0800] "GET / HTTP/1.1" 200 6745
::1 - - [16/Sep/2019:00:31:08 +0800] "GET /css/style.css HTTP/1.1" 200 2696
::1 - - [16/Sep/2019:00:31:08 +0800] "GET /img/favicon.ico HTTP/1.1" 200 1150
::1 - - [16/Sep/2019:00:31:35 +0800] "GET / HTTP/1.1" 200 6745
::1 - - [16/Sep/2019:00:31:35 +0800] "GET /css/style.css HTTP/1.1" 200 2696
::1 - - [16/Sep/2019:00:31:35 +0800] "GET /img/favicon.ico HTTP/1.1" 200 1150
::1 - - [16/Sep/2019:00:32:41 +0800] "GET / HTTP/1.1" 200 6745
::1 - - [16/Sep/2019:00:32:41 +0800] "GET /css/style.css HTTP/1.1" 200 2724
::1 - - [16/Sep/2019:00:32:41 +0800] "GET /img/class-3.jpg HTTP/1.1" 304 -
::1 - - [16/Sep/2019:00:32:41 +0800] "GET /img/class-2.jpg HTTP/1.1" 304 -
::1 - - [16/Sep/2019:00:32:41 +0800] "GET /img/studio-3.jpg HTTP/1.1" 304 -
::1 - - [16/Sep/2019:00:32:41 +0800] "GET /img/favicon.ico HTTP/1.1" 200 1150
::1 - - [16/Sep/2019:00:33:11 +0800] "GET / HTTP/1.1" 200 6745
::1 - - [16/Sep/2019:00:33:11 +0800] "GET /css/style.css HTTP/1.1" 200 2724
::1 - - [16/Sep/2019:00:33:11 +0800] "GET /img/slider-13.jpg HTTP/1.1" 304 -
::1 - - [16/Sep/2019:00:33:11 +0800] "GET /img/favicon.ico HTTP/1.1" 200 1150
::1 - - [16/Sep/2019:00:33:11 +0800] "GET / HTTP/1.1" 200 6745
::1 - - [16/Sep/2019:00:33:11 +0800] "GET /css/style.css HTTP/1.1" 304 -
::1 - - [16/Sep/2019:00:33:11 +0800] "GET /img/favicon.ico HTTP/1.1" 200 1150
::1 - - [16/Sep/2019:00:33:12 +0800] "GET / HTTP/1.1" 200 6745
::1 - - [16/Sep/2019:00:33:12 +0800] "GET /css/style.css HTTP/1.1" 304 -
::1 - - [16/Sep/2019:00:33:12 +0800] "GET /img/favicon.ico HTTP/1.1" 200 1150
::1 - - [16/Sep/2019:00:33:12 +0800] "GET / HTTP/1.1" 200 6745
::1 - - [16/Sep/2019:00:33:12 +0800] "GET /img/favicon.ico HTTP/1.1" 200 1150
::1 - - [16/Sep/2019:00:33:12 +0800] "GET / HTTP/1.1" 200 6745
::1 - - [16/Sep/2019:00:33:12 +0800] "GET /img/favicon.ico HTTP/1.1" 200 1150
::1 - - [16/Sep/2019:00:33:19 +0800] "GET / HTTP/1.1" 200 6745
::1 - - [16/Sep/2019:00:33:19 +0800] "GET /css/font-awesone/css/fontawesome-all.min.css HTTP/1.1" 200 36599
::1 - - [16/Sep/2019:00:33:19 +0800] "GET /css/owlcarousel/owl.carousel.min.css HTTP/1.1" 200 3351
::1 - - [16/Sep/2019:00:33:19 +0800] "GET /css/owlcarousel/owl.theme.default.min.css HTTP/1.1" 200 1224
::1 - - [16/Sep/2019:00:33:19 +0800] "GET /css/style.css HTTP/1.1" 200 2724
::1 - - [16/Sep/2019:00:33:19 +0800] "GET /img/slider-11.jpg HTTP/1.1" 200 17974
::1 - - [16/Sep/2019:00:33:19 +0800] "GET /img/slider-12.jpg HTTP/1.1" 200 179912
::1 - - [16/Sep/2019:00:33:19 +0800] "GET /js/jquery.js HTTP/1.1" 200 86927
::1 - - [16/Sep/2019:00:33:19 +0800] "GET /js/owlcarousel/owl.carousel.min.js HTTP/1.1" 200 44342
::1 - - [16/Sep/2019:00:33:19 +0800] "GET /img/slider-13.jpg HTTP/1.1" 200 32677
::1 - - [16/Sep/2019:00:33:19 +0800] "GET /js/custom.js HTTP/1.1" 200 308
::1 - - [16/Sep/2019:00:33:19 +0800] "GET /img/class-1.jpg HTTP/1.1" 200 2518934
::1 - - [16/Sep/2019:00:33:19 +0800] "GET /img/class-2.jpg HTTP/1.1" 200 20781
::1 - - [16/Sep/2019:00:33:19 +0800] "GET /img/class-3.jpg HTTP/1.1" 200 30913
::1 - - [16/Sep/2019:00:33:19 +0800] "GET /img/studio-3.jpg HTTP/1.1" 200 30117
::1 - - [16/Sep/2019:00:33:19 +0800] "GET /img/studio-1.jpg HTTP/1.1" 200 1713104
::1 - - [16/Sep/2019:00:33:19 +0800] "GET /img/studio-2.jpg HTTP/1.1" 200 3811108
::1 - - [16/Sep/2019:00:33:19 +0800] "GET /css/font-awesone/webfonts/fa-brands-400.woff2 HTTP/1.1" 200 55144
::1 - - [16/Sep/2019:00:33:19 +0800] "GET /img/favicon.ico HTTP/1.1" 200 1150
::1 - - [16/Sep/2019:00:33:20 +0800] "GET / HTTP/1.1" 200 6745
::1 - - [16/Sep/2019:00:33:20 +0800] "GET /img/favicon.ico HTTP/1.1" 200 1150
::1 - - [16/Sep/2019:00:33:32 +0800] "GET / HTTP/1.1" 200 6745
::1 - - [16/Sep/2019:00:33:32 +0800] "GET /css/style.css HTTP/1.1" 200 2704
::1 - - [16/Sep/2019:00:33:32 +0800] "GET /img/favicon.ico HTTP/1.1" 200 1150
::1 - - [16/Sep/2019:00:33:32 +0800] "GET / HTTP/1.1" 200 6745
::1 - - [16/Sep/2019:00:33:33 +0800] "GET /css/style.css HTTP/1.1" 304 -
::1 - - [16/Sep/2019:00:33:33 +0800] "GET /img/favicon.ico HTTP/1.1" 200 1150
::1 - - [16/Sep/2019:00:33:33 +0800] "GET / HTTP/1.1" 200 6745
::1 - - [16/Sep/2019:00:33:33 +0800] "GET /img/favicon.ico HTTP/1.1" 200 1150
::1 - - [16/Sep/2019:00:33:33 +0800] "GET / HTTP/1.1" 200 6745
::1 - - [16/Sep/2019:00:33:33 +0800] "GET /css/style.css HTTP/1.1" 304 -
::1 - - [16/Sep/2019:00:33:33 +0800] "GET /img/favicon.ico HTTP/1.1" 200 1150
::1 - - [16/Sep/2019:00:33:33 +0800] "GET / HTTP/1.1" 200 6745
::1 - - [16/Sep/2019:00:33:33 +0800] "GET /css/style.css HTTP/1.1" 304 -
::1 - - [16/Sep/2019:00:33:33 +0800] "GET /img/favicon.ico HTTP/1.1" 200 1150
::1 - - [16/Sep/2019:00:33:48 +0800] "GET / HTTP/1.1" 200 6745
::1 - - [16/Sep/2019:00:33:48 +0800] "GET /css/style.css HTTP/1.1" 200 2696
::1 - - [16/Sep/2019:00:33:48 +0800] "GET /img/favicon.ico HTTP/1.1" 200 1150
::1 - - [16/Sep/2019:00:34:02 +0800] "GET /css/style.css HTTP/1.1" 304 -
::1 - - [16/Sep/2019:00:35:08 +0800] "GET / HTTP/1.1" 200 6745
::1 - - [16/Sep/2019:00:35:08 +0800] "GET /css/style.css HTTP/1.1" 200 2721
::1 - - [16/Sep/2019:00:35:08 +0800] "GET /img/favicon.ico HTTP/1.1" 200 1150
::1 - - [16/Sep/2019:00:36:10 +0800] "GET /css/style.css HTTP/1.1" 200 2696
::1 - - [16/Sep/2019:00:37:48 +0800] "GET / HTTP/1.1" 200 6745
::1 - - [16/Sep/2019:00:37:48 +0800] "GET /css/style.css HTTP/1.1" 304 -
::1 - - [16/Sep/2019:00:37:48 +0800] "GET /img/slider-12.jpg HTTP/1.1" 304 -
::1 - - [16/Sep/2019:00:37:48 +0800] "GET /img/slider-13.jpg HTTP/1.1" 304 -
::1 - - [16/Sep/2019:00:37:48 +0800] "GET /img/class-2.jpg HTTP/1.1" 304 -
::1 - - [16/Sep/2019:00:37:48 +0800] "GET /img/class-3.jpg HTTP/1.1" 304 -
::1 - - [16/Sep/2019:00:37:48 +0800] "GET /img/studio-3.jpg HTTP/1.1" 304 -
::1 - - [16/Sep/2019:00:37:48 +0800] "GET /img/favicon.ico HTTP/1.1" 200 1150
::1 - - [16/Sep/2019:00:50:56 +0800] "GET / HTTP/1.1" 200 6814
::1 - - [16/Sep/2019:00:50:56 +0800] "GET /css/style.css HTTP/1.1" 200 2700
::1 - - [16/Sep/2019:00:50:56 +0800] "GET /img/slider-11.jpg HTTP/1.1" 304 -
::1 - - [16/Sep/2019:00:50:56 +0800] "GET /img/slider-12.jpg HTTP/1.1" 304 -
::1 - - [16/Sep/2019:00:50:56 +0800] "GET /img/slider-13.jpg HTTP/1.1" 304 -
::1 - - [16/Sep/2019:00:50:56 +0800] "GET /img/class-2.jpg HTTP/1.1" 304 -
::1 - - [16/Sep/2019:00:50:56 +0800] "GET /img/class-3.jpg HTTP/1.1" 304 -
::1 - - [16/Sep/2019:00:50:56 +0800] "GET /img/studio-3.jpg HTTP/1.1" 304 -
::1 - - [16/Sep/2019:00:50:57 +0800] "GET /img/favicon.ico HTTP/1.1" 200 1150
::1 - - [16/Sep/2019:00:51:10 +0800] "GET / HTTP/1.1" 200 6814
::1 - - [16/Sep/2019:00:51:10 +0800] "GET /css/style.css HTTP/1.1" 304 -
::1 - - [16/Sep/2019:00:51:10 +0800] "GET /img/favicon.ico HTTP/1.1" 200 1150
::1 - - [16/Sep/2019:00:51:11 +0800] "GET / HTTP/1.1" 200 6814
::1 - - [16/Sep/2019:00:51:11 +0800] "GET /img/favicon.ico HTTP/1.1" 200 1150
::1 - - [16/Sep/2019:00:51:11 +0800] "GET / HTTP/1.1" 200 6814
::1 - - [16/Sep/2019:00:51:11 +0800] "GET /css/style.css HTTP/1.1" 304 -
::1 - - [16/Sep/2019:00:51:12 +0800] "GET /img/favicon.ico HTTP/1.1" 200 1150
::1 - - [16/Sep/2019:00:53:34 +0800] "GET / HTTP/1.1" 200 6814
::1 - - [16/Sep/2019:00:53:34 +0800] "GET /css/style.css HTTP/1.1" 304 -
::1 - - [16/Sep/2019:00:53:34 +0800] "GET /img/favicon.ico HTTP/1.1" 200 1150
::1 - - [16/Sep/2019:00:53:34 +0800] "GET / HTTP/1.1" 200 6814
::1 - - [16/Sep/2019:00:53:35 +0800] "GET /img/favicon.ico HTTP/1.1" 200 1150
::1 - - [16/Sep/2019:00:53:35 +0800] "GET / HTTP/1.1" 200 6814
::1 - - [16/Sep/2019:00:53:35 +0800] "GET /img/favicon.ico HTTP/1.1" 200 1150
::1 - - [16/Sep/2019:00:53:35 +0800] "GET / HTTP/1.1" 200 6814
::1 - - [16/Sep/2019:00:53:36 +0800] "GET /img/favicon.ico HTTP/1.1" 200 1150
::1 - - [16/Sep/2019:00:53:36 +0800] "GET / HTTP/1.1" 200 6814
::1 - - [16/Sep/2019:00:53:36 +0800] "GET /img/favicon.ico HTTP/1.1" 200 1150
::1 - - [16/Sep/2019:00:53:36 +0800] "GET / HTTP/1.1" 200 6814
::1 - - [16/Sep/2019:00:53:36 +0800] "GET /img/favicon.ico HTTP/1.1" 200 1150
::1 - - [16/Sep/2019:00:53:41 +0800] "GET / HTTP/1.1" 200 6814
::1 - - [16/Sep/2019:00:53:41 +0800] "GET /css/font-awesone/css/fontawesome-all.min.css HTTP/1.1" 200 36599
::1 - - [16/Sep/2019:00:53:41 +0800] "GET /css/owlcarousel/owl.carousel.min.css HTTP/1.1" 200 3351
::1 - - [16/Sep/2019:00:53:41 +0800] "GET /css/owlcarousel/owl.theme.default.min.css HTTP/1.1" 200 1224
::1 - - [16/Sep/2019:00:53:41 +0800] "GET /css/style.css HTTP/1.1" 200 2700
::1 - - [16/Sep/2019:00:53:41 +0800] "GET /css/responsive.css HTTP/1.1" 200 666
::1 - - [16/Sep/2019:00:53:41 +0800] "GET /img/slider-11.jpg HTTP/1.1" 200 17974
::1 - - [16/Sep/2019:00:53:41 +0800] "GET /img/slider-12.jpg HTTP/1.1" 200 179912
::1 - - [16/Sep/2019:00:53:41 +0800] "GET /js/jquery.js HTTP/1.1" 200 86927
::1 - - [16/Sep/2019:00:53:41 +0800] "GET /js/owlcarousel/owl.carousel.min.js HTTP/1.1" 200 44342
::1 - - [16/Sep/2019:00:53:41 +0800] "GET /js/custom.js HTTP/1.1" 200 308
::1 - - [16/Sep/2019:00:53:41 +0800] "GET /img/slider-13.jpg HTTP/1.1" 200 32677
::1 - - [16/Sep/2019:00:53:41 +0800] "GET /img/class-2.jpg HTTP/1.1" 200 20781
::1 - - [16/Sep/2019:00:53:41 +0800] "GET /img/class-3.jpg HTTP/1.1" 200 30913
::1 - - [16/Sep/2019:00:53:41 +0800] "GET /img/class-1.jpg HTTP/1.1" 200 2518934
::1 - - [16/Sep/2019:00:53:41 +0800] "GET /img/studio-3.jpg HTTP/1.1" 200 30117
::1 - - [16/Sep/2019:00:53:41 +0800] "GET /img/studio-1.jpg HTTP/1.1" 200 1713104
::1 - - [16/Sep/2019:00:53:41 +0800] "GET /img/studio-2.jpg HTTP/1.1" 200 3811108
::1 - - [16/Sep/2019:00:53:41 +0800] "GET /css/font-awesone/webfonts/fa-brands-400.woff2 HTTP/1.1" 200 55144
::1 - - [16/Sep/2019:00:53:41 +0800] "GET /img/favicon.ico HTTP/1.1" 200 1150
::1 - - [16/Sep/2019:00:55:21 +0800] "GET / HTTP/1.1" 200 6814
::1 - - [16/Sep/2019:00:55:21 +0800] "GET /css/style.css HTTP/1.1" 304 -
::1 - - [16/Sep/2019:00:55:21 +0800] "GET /css/responsive.css HTTP/1.1" 200 674
::1 - - [16/Sep/2019:00:55:22 +0800] "GET /img/favicon.ico HTTP/1.1" 200 1150
::1 - - [16/Sep/2019:00:55:29 +0800] "GET /img/slider-11.jpg HTTP/1.1" 200 17974
::1 - - [16/Sep/2019:00:55:29 +0800] "GET /img/slider-12.jpg HTTP/1.1" 200 179912
::1 - - [16/Sep/2019:00:55:29 +0800] "GET /img/slider-13.jpg HTTP/1.1" 200 32677
::1 - - [16/Sep/2019:00:55:59 +0800] "GET /css/font-awesone/css/fontawesome-all.min.css HTTP/1.1" 200 36599
::1 - - [16/Sep/2019:00:55:59 +0800] "GET /css/owlcarousel/owl.carousel.min.css HTTP/1.1" 200 3351
::1 - - [16/Sep/2019:00:55:59 +0800] "GET /css/owlcarousel/owl.theme.default.min.css HTTP/1.1" 200 1224
::1 - - [16/Sep/2019:00:55:59 +0800] "GET /css/responsive.css HTTP/1.1" 200 674
::1 - - [16/Sep/2019:00:55:59 +0800] "GET /css/style.css HTTP/1.1" 200 2700
::1 - - [16/Sep/2019:00:59:14 +0800] "GET / HTTP/1.1" 200 6814
::1 - - [16/Sep/2019:00:59:14 +0800] "GET /css/style.css HTTP/1.1" 304 -
::1 - - [16/Sep/2019:00:59:14 +0800] "GET /css/responsive.css HTTP/1.1" 200 730
::1 - - [16/Sep/2019:00:59:14 +0800] "GET /img/class-2.jpg HTTP/1.1" 200 20781
::1 - - [16/Sep/2019:00:59:14 +0800] "GET /img/class-1.jpg HTTP/1.1" 200 2518934
::1 - - [16/Sep/2019:00:59:14 +0800] "GET /js/jquery.js HTTP/1.1" 200 86927
::1 - - [16/Sep/2019:00:59:14 +0800] "GET /js/owlcarousel/owl.carousel.min.js HTTP/1.1" 200 44342
::1 - - [16/Sep/2019:00:59:14 +0800] "GET /js/custom.js HTTP/1.1" 200 308
::1 - - [16/Sep/2019:00:59:14 +0800] "GET /img/class-3.jpg HTTP/1.1" 200 30913
::1 - - [16/Sep/2019:00:59:14 +0800] "GET /img/studio-1.jpg HTTP/1.1" 200 1713104
::1 - - [16/Sep/2019:00:59:14 +0800] "GET /img/studio-3.jpg HTTP/1.1" 200 30117
::1 - - [16/Sep/2019:00:59:14 +0800] "GET /img/studio-2.jpg HTTP/1.1" 200 3811108
::1 - - [16/Sep/2019:00:59:14 +0800] "GET /css/font-awesone/webfonts/fa-brands-400.woff2 HTTP/1.1" 200 55144
::1 - - [16/Sep/2019:00:59:15 +0800] "GET /img/favicon.ico HTTP/1.1" 200 1150
::1 - - [16/Sep/2019:00:59:40 +0800] "GET / HTTP/1.1" 200 6814
::1 - - [16/Sep/2019:00:59:40 +0800] "GET /css/responsive.css HTTP/1.1" 200 676
::1 - - [16/Sep/2019:00:59:40 +0800] "GET /img/favicon.ico HTTP/1.1" 200 1150
::1 - - [16/Sep/2019:00:59:56 +0800] "GET / HTTP/1.1" 200 6814
::1 - - [16/Sep/2019:00:59:56 +0800] "GET /css/responsive.css HTTP/1.1" 200 676
::1 - - [16/Sep/2019:00:59:56 +0800] "GET /img/favicon.ico HTTP/1.1" 200 1150
::1 - - [16/Sep/2019:01:02:55 +0800] "GET /img/slider-11.jpg HTTP/1.1" 304 -
::1 - - [16/Sep/2019:01:02:55 +0800] "GET /img/slider-13.jpg HTTP/1.1" 304 -
::1 - - [16/Sep/2019:01:02:55 +0800] "GET /img/slider-12.jpg HTTP/1.1" 304 -
::1 - - [16/Sep/2019:01:06:05 +0800] "GET / HTTP/1.1" 200 6814
::1 - - [16/Sep/2019:01:06:05 +0800] "GET /css/style.css HTTP/1.1" 304 -
::1 - - [16/Sep/2019:01:06:05 +0800] "GET /css/responsive.css HTTP/1.1" 200 677
::1 - - [16/Sep/2019:01:06:05 +0800] "GET /img/class-2.jpg HTTP/1.1" 304 -
::1 - - [16/Sep/2019:01:06:05 +0800] "GET /img/class-3.jpg HTTP/1.1" 304 -
::1 - - [16/Sep/2019:01:06:05 +0800] "GET /img/studio-3.jpg HTTP/1.1" 304 -
::1 - - [16/Sep/2019:01:06:05 +0800] "GET /img/favicon.ico HTTP/1.1" 200 1150
::1 - - [16/Sep/2019:01:06:18 +0800] "GET / HTTP/1.1" 200 6814
::1 - - [16/Sep/2019:01:06:18 +0800] "GET /css/font-awesone/css/fontawesome-all.min.css HTTP/1.1" 200 36599
::1 - - [16/Sep/2019:01:06:18 +0800] "GET /css/style.css HTTP/1.1" 200 2700
::1 - - [16/Sep/2019:01:06:18 +0800] "GET /css/owlcarousel/owl.carousel.min.css HTTP/1.1" 200 3351
::1 - - [16/Sep/2019:01:06:18 +0800] "GET /css/owlcarousel/owl.theme.default.min.css HTTP/1.1" 200 1224
::1 - - [16/Sep/2019:01:06:18 +0800] "GET /css/responsive.css HTTP/1.1" 200 677
::1 - - [16/Sep/2019:01:06:18 +0800] "GET /img/slider-11.jpg HTTP/1.1" 200 17974
::1 - - [16/Sep/2019:01:06:18 +0800] "GET /img/slider-12.jpg HTTP/1.1" 200 179912
::1 - - [16/Sep/2019:01:06:18 +0800] "GET /js/jquery.js HTTP/1.1" 200 86927
::1 - - [16/Sep/2019:01:06:18 +0800] "GET /js/owlcarousel/owl.carousel.min.js HTTP/1.1" 200 44342
::1 - - [16/Sep/2019:01:06:18 +0800] "GET /js/custom.js HTTP/1.1" 200 308
::1 - - [16/Sep/2019:01:06:18 +0800] "GET /img/slider-13.jpg HTTP/1.1" 200 32677
::1 - - [16/Sep/2019:01:06:18 +0800] "GET /img/class-3.jpg HTTP/1.1" 200 30913
::1 - - [16/Sep/2019:01:06:18 +0800] "GET /img/class-2.jpg HTTP/1.1" 200 20781
::1 - - [16/Sep/2019:01:06:18 +0800] "GET /img/studio-1.jpg HTTP/1.1" 200 1713104
::1 - - [16/Sep/2019:01:06:18 +0800] "GET /img/class-1.jpg HTTP/1.1" 200 2518934
::1 - - [16/Sep/2019:01:06:18 +0800] "GET /img/studio-3.jpg HTTP/1.1" 200 30117
::1 - - [16/Sep/2019:01:06:18 +0800] "GET /img/studio-2.jpg HTTP/1.1" 200 3811108
::1 - - [16/Sep/2019:01:06:18 +0800] "GET /css/font-awesone/webfonts/fa-brands-400.woff2 HTTP/1.1" 200 55144
::1 - - [16/Sep/2019:01:06:19 +0800] "GET /img/favicon.ico HTTP/1.1" 200 1150
::1 - - [16/Sep/2019:01:08:15 +0800] "GET / HTTP/1.1" 200 6452
::1 - - [16/Sep/2019:01:08:15 +0800] "GET /css/responsive.css HTTP/1.1" 304 -
::1 - - [16/Sep/2019:01:08:15 +0800] "GET /css/style.css HTTP/1.1" 304 -
::1 - - [16/Sep/2019:01:08:15 +0800] "GET /img/favicon.ico HTTP/1.1" 200 1150
::1 - - [16/Sep/2019:01:08:16 +0800] "GET / HTTP/1.1" 200 6452
::1 - - [16/Sep/2019:01:08:16 +0800] "GET /img/favicon.ico HTTP/1.1" 200 1150
::1 - - [16/Sep/2019:01:08:16 +0800] "GET / HTTP/1.1" 200 6452
::1 - - [16/Sep/2019:01:08:16 +0800] "GET /img/favicon.ico HTTP/1.1" 200 1150
::1 - - [16/Sep/2019:01:08:16 +0800] "GET / HTTP/1.1" 200 6452
::1 - - [16/Sep/2019:01:08:16 +0800] "GET /img/favicon.ico HTTP/1.1" 200 1150
::1 - - [16/Sep/2019:01:08:22 +0800] "GET / HTTP/1.1" 200 6452
::1 - - [16/Sep/2019:01:08:22 +0800] "GET /css/font-awesone/css/fontawesome-all.min.css HTTP/1.1" 200 36599
::1 - - [16/Sep/2019:01:08:22 +0800] "GET /css/owlcarousel/owl.carousel.min.css HTTP/1.1" 200 3351
::1 - - [16/Sep/2019:01:08:22 +0800] "GET /css/owlcarousel/owl.theme.default.min.css HTTP/1.1" 200 1224
::1 - - [16/Sep/2019:01:08:22 +0800] "GET /css/style.css HTTP/1.1" 200 2700
::1 - - [16/Sep/2019:01:08:22 +0800] "GET /css/responsive.css HTTP/1.1" 200 677
::1 - - [16/Sep/2019:01:08:22 +0800] "GET /img/slider-11.jpg HTTP/1.1" 200 17974
::1 - - [16/Sep/2019:01:08:22 +0800] "GET /img/slider-12.jpg HTTP/1.1" 200 179912
::1 - - [16/Sep/2019:01:08:22 +0800] "GET /js/jquery.js HTTP/1.1" 200 86927
::1 - - [16/Sep/2019:01:08:22 +0800] "GET /js/owlcarousel/owl.carousel.min.js HTTP/1.1" 200 44342
::1 - - [16/Sep/2019:01:08:22 +0800] "GET /js/custom.js HTTP/1.1" 200 308
::1 - - [16/Sep/2019:01:08:22 +0800] "GET /img/slider-13.jpg HTTP/1.1" 200 32677
::1 - - [16/Sep/2019:01:08:22 +0800] "GET /img/class-2.jpg HTTP/1.1" 200 20781
::1 - - [16/Sep/2019:01:08:22 +0800] "GET /img/class-1.jpg HTTP/1.1" 200 2518934
::1 - - [16/Sep/2019:01:08:22 +0800] "GET /img/class-3.jpg HTTP/1.1" 200 30913
::1 - - [16/Sep/2019:01:08:22 +0800] "GET /img/studio-3.jpg HTTP/1.1" 200 30117
::1 - - [16/Sep/2019:01:08:22 +0800] "GET /img/studio-1.jpg HTTP/1.1" 200 1713104
::1 - - [16/Sep/2019:01:08:22 +0800] "GET /img/studio-2.jpg HTTP/1.1" 200 3811108
::1 - - [16/Sep/2019:01:08:22 +0800] "GET /css/font-awesone/webfonts/fa-brands-400.woff2 HTTP/1.1" 200 55144
::1 - - [16/Sep/2019:01:08:22 +0800] "GET /img/favicon.ico HTTP/1.1" 200 1150
::1 - - [16/Sep/2019:01:08:22 +0800] "GET / HTTP/1.1" 200 6452
::1 - - [16/Sep/2019:01:08:22 +0800] "GET /img/favicon.ico HTTP/1.1" 200 1150
::1 - - [16/Sep/2019:01:08:23 +0800] "GET / HTTP/1.1" 200 6452
::1 - - [16/Sep/2019:01:08:23 +0800] "GET /img/favicon.ico HTTP/1.1" 200 1150
::1 - - [16/Sep/2019:01:08:23 +0800] "GET / HTTP/1.1" 200 6452
::1 - - [16/Sep/2019:01:08:23 +0800] "GET /img/favicon.ico HTTP/1.1" 200 1150
::1 - - [16/Sep/2019:01:08:23 +0800] "GET / HTTP/1.1" 200 6452
::1 - - [16/Sep/2019:01:08:23 +0800] "GET /img/favicon.ico HTTP/1.1" 200 1150
::1 - - [16/Sep/2019:01:08:23 +0800] "GET / HTTP/1.1" 200 6452
::1 - - [16/Sep/2019:01:08:23 +0800] "GET /img/favicon.ico HTTP/1.1" 200 1150
::1 - - [16/Sep/2019:01:08:23 +0800] "GET / HTTP/1.1" 200 6452
::1 - - [16/Sep/2019:01:08:24 +0800] "GET /img/favicon.ico HTTP/1.1" 200 1150
::1 - - [16/Sep/2019:01:08:24 +0800] "GET / HTTP/1.1" 200 6452
::1 - - [16/Sep/2019:01:08:24 +0800] "GET /img/favicon.ico HTTP/1.1" 200 1150
::1 - - [16/Sep/2019:01:09:37 +0800] "GET / HTTP/1.1" 200 6814
::1 - - [16/Sep/2019:01:09:37 +0800] "GET /css/font-awesone/css/fontawesome-all.min.css HTTP/1.1" 200 36599
::1 - - [16/Sep/2019:01:09:37 +0800] "GET /css/owlcarousel/owl.carousel.min.css HTTP/1.1" 200 3351
::1 - - [16/Sep/2019:01:09:37 +0800] "GET /css/owlcarousel/owl.theme.default.min.css HTTP/1.1" 200 1224
::1 - - [16/Sep/2019:01:09:37 +0800] "GET /css/style.css HTTP/1.1" 200 2700
::1 - - [16/Sep/2019:01:09:37 +0800] "GET /img/slider-11.jpg HTTP/1.1" 200 17974
::1 - - [16/Sep/2019:01:09:37 +0800] "GET /css/responsive.css HTTP/1.1" 200 676
::1 - - [16/Sep/2019:01:09:37 +0800] "GET /img/slider-12.jpg HTTP/1.1" 200 179912
::1 - - [16/Sep/2019:01:09:37 +0800] "GET /js/owlcarousel/owl.carousel.min.js HTTP/1.1" 200 44342
::1 - - [16/Sep/2019:01:09:37 +0800] "GET /js/jquery.js HTTP/1.1" 200 86927
::1 - - [16/Sep/2019:01:09:37 +0800] "GET /js/custom.js HTTP/1.1" 200 308
::1 - - [16/Sep/2019:01:09:37 +0800] "GET /img/slider-13.jpg HTTP/1.1" 200 32677
::1 - - [16/Sep/2019:01:09:37 +0800] "GET /img/class-2.jpg HTTP/1.1" 200 20781
::1 - - [16/Sep/2019:01:09:37 +0800] "GET /img/class-3.jpg HTTP/1.1" 200 30913
::1 - - [16/Sep/2019:01:09:37 +0800] "GET /img/class-1.jpg HTTP/1.1" 200 2518934
::1 - - [16/Sep/2019:01:09:37 +0800] "GET /img/studio-1.jpg HTTP/1.1" 200 1713104
::1 - - [16/Sep/2019:01:09:37 +0800] "GET /img/studio-2.jpg HTTP/1.1" 200 3811108
::1 - - [16/Sep/2019:01:09:37 +0800] "GET /img/studio-3.jpg HTTP/1.1" 200 30117
::1 - - [16/Sep/2019:01:09:37 +0800] "GET /css/font-awesone/webfonts/fa-brands-400.woff2 HTTP/1.1" 200 55144
::1 - - [16/Sep/2019:01:09:37 +0800] "GET /img/favicon.ico HTTP/1.1" 200 1150
::1 - - [16/Sep/2019:01:10:02 +0800] "GET / HTTP/1.1" 200 6814
::1 - - [16/Sep/2019:01:10:02 +0800] "GET /css/responsive.css HTTP/1.1" 304 -
::1 - - [16/Sep/2019:01:10:02 +0800] "GET /img/favicon.ico HTTP/1.1" 200 1150
::1 - - [16/Sep/2019:01:10:24 +0800] "GET / HTTP/1.1" 200 6814
::1 - - [16/Sep/2019:01:10:24 +0800] "GET /css/responsive.css HTTP/1.1" 200 677
::1 - - [16/Sep/2019:01:10:24 +0800] "GET /img/favicon.ico HTTP/1.1" 200 1150
::1 - - [16/Sep/2019:01:10:39 +0800] "GET / HTTP/1.1" 200 6814
::1 - - [16/Sep/2019:01:10:39 +0800] "GET /css/responsive.css HTTP/1.1" 200 677
::1 - - [16/Sep/2019:01:10:39 +0800] "GET /img/favicon.ico HTTP/1.1" 200 1150
